<?xml version="1.0" encoding="UTF-8"?>
<!-- Generated by org.testng.reporters.JUnitReportReporter -->
<testsuite hostname="hpomen" failures="0" tests="8" name="test.TestPizzeriaEjercicio2" time="0.015" errors="0" timestamp="2022-11-26T13:19:04 CST" skipped="0">
  <testcase classname="test.TestPizzeriaEjercicio2" name="verificarNoGuardarCupon" time="0.001"/>
  <system-out/>
  <testcase classname="test.TestPizzeriaEjercicio2" name="verificarSaldoMayorA150" time="0.001"/>
  <system-out/>
  <testcase classname="test.TestPizzeriaEjercicio2" name="verificarSaldoEntre100Y150" time="0.000"/>
  <system-out/>
  <testcase classname="test.TestPizzeriaEjercicio2" name="verificarClienteConTarjeta" time="0.009"/>
  <system-out/>
  <testcase classname="test.TestPizzeriaEjercicio2" name="verificarSaldoMenorA50" time="0.002"/>
  <system-out/>
  <testcase classname="test.TestPizzeriaEjercicio2" name="verificarClienteSinTarjeta" time="0.000"/>
  <system-out/>
  <testcase classname="test.TestPizzeriaEjercicio2" name="verificarSaldoEntre50Y100" time="0.001"/>
  <system-out/>
  <testcase classname="test.TestPizzeriaEjercicio2" name="verificarGuardarCupon" time="0.001"/>
  <system-out/>
</testsuite> <!-- test.TestPizzeriaEjercicio2 -->
